Flow report for DP4_ECE2504
Tue Dec 09 09:24:55 2014
Quartus II 64-Bit Version 13.1.0 Build 162 10/23/2013 SJ Web Edition


---------------------
; Table of Contents ;
---------------------
  1. Legal Notice
  2. Flow Summary
  3. Flow Settings
  4. Flow Non-Default Global Settings
  5. Flow Elapsed Time
  6. Flow OS Summary
  7. Flow Log
  8. Flow Messages
  9. Flow Suppressed Messages



----------------
; Legal Notice ;
----------------
Copyright (C) 1991-2013 Altera Corporation
Your use of Altera Corporation's design tools, logic functions 
and other software and tools, and its AMPP partner logic 
functions, and any output files from any of the foregoing 
(including device programming or simulation files), and any 
associated documentation or information are expressly subject 
to the terms and conditions of the Altera Program License 
Subscription Agreement, Altera MegaCore Function License 
Agreement, or other applicable license agreement, including, 
without limitation, that your use is for the sole purpose of 
programming logic devices manufactured by Altera and sold by 
Altera or its authorized distributors.  Please refer to the 
applicable agreement for further details.



+---------------------------------------------------------------------------------+
; Flow Summary                                                                    ;
+------------------------------------+--------------------------------------------+
; Flow Status                        ; Successful - Tue Dec 09 09:24:55 2014      ;
; Quartus II 64-Bit Version          ; 13.1.0 Build 162 10/23/2013 SJ Web Edition ;
; Revision Name                      ; DP4_ECE2504                                ;
; Top-level Entity Name              ; DP4_ECE2504                                ;
; Family                             ; Cyclone IV E                               ;
; Device                             ; EP4CE22F17C6                               ;
; Timing Models                      ; Final                                      ;
; Total logic elements               ; 5,916 / 22,320 ( 27 % )                    ;
;     Total combinational functions  ; 3,914 / 22,320 ( 18 % )                    ;
;     Dedicated logic registers      ; 4,243 / 22,320 ( 19 % )                    ;
; Total registers                    ; 4243                                       ;
; Total pins                         ; 15 / 154 ( 10 % )                          ;
; Total virtual pins                 ; 0                                          ;
; Total memory bits                  ; 0 / 608,256 ( 0 % )                        ;
; Embedded Multiplier 9-bit elements ; 0 / 132 ( 0 % )                            ;
; Total PLLs                         ; 0 / 4 ( 0 % )                              ;
+------------------------------------+--------------------------------------------+


+-----------------------------------------+
; Flow Settings                           ;
+-------------------+---------------------+
; Option            ; Setting             ;
+-------------------+---------------------+
; Start date & time ; 12/08/2014 19:38:04 ;
; Main task         ; Compilation         ;
; Revision Name     ; DP4_ECE2504         ;
+-------------------+---------------------+


+--------------------------------------------------------------------------------------------------------------------------------------------------------+
; Flow Non-Default Global Settings                                                                                                                       ;
+-------------------------------------+-------------------------------------------------------------------+---------------+-------------+----------------+
; Assignment Name                     ; Value                                                             ; Default Value ; Entity Name ; Section Id     ;
+-------------------------------------+-------------------------------------------------------------------+---------------+-------------+----------------+
; COMPILER_SIGNATURE_ID               ; 171859736871361.141808548311840                                   ; --            ; --          ; --             ;
; EDA_GENERATE_FUNCTIONAL_NETLIST     ; On                                                                ; --            ; --          ; eda_simulation ;
; EDA_NETLIST_WRITER_OUTPUT_DIR       ; C:/altera/13.1/Projects/DP4/DP4_ECE2504_restored/simulation/qsim/ ; --            ; --          ; eda_simulation ;
; EDA_OUTPUT_DATA_FORMAT              ; Verilog Hdl                                                       ; --            ; --          ; eda_simulation ;
; EDA_SIMULATION_TOOL                 ; ModelSim-Altera (Verilog)                                         ; <None>        ; --          ; --             ;
; MAX_CORE_JUNCTION_TEMP              ; 85                                                                ; --            ; --          ; --             ;
; MIN_CORE_JUNCTION_TEMP              ; 0                                                                 ; --            ; --          ; --             ;
; PARTITION_COLOR                     ; 16764057                                                          ; --            ; --          ; Top            ;
; PARTITION_FITTER_PRESERVATION_LEVEL ; PLACEMENT_AND_ROUTING                                             ; --            ; --          ; Top            ;
; PARTITION_NETLIST_TYPE              ; SOURCE                                                            ; --            ; --          ; Top            ;
; POWER_BOARD_THERMAL_MODEL           ; None (CONSERVATIVE)                                               ; --            ; --          ; --             ;
; POWER_PRESET_COOLING_SOLUTION       ; 23 MM HEAT SINK WITH 200 LFPM AIRFLOW                             ; --            ; --          ; --             ;
+-------------------------------------+-------------------------------------------------------------------+---------------+-------------+----------------+


+-------------------------------------------------------------------------------------------------------------------------------+
; Flow Elapsed Time                                                                                                             ;
+---------------------------+--------------+-------------------------+---------------------+------------------------------------+
; Module Name               ; Elapsed Time ; Average Processors Used ; Peak Virtual Memory ; Total CPU Time (on all processors) ;
+---------------------------+--------------+-------------------------+---------------------+------------------------------------+
; Analysis & Synthesis      ; 00:00:11     ; 1.0                     ; 531 MB              ; 00:00:10                           ;
; Fitter                    ; 00:00:33     ; 1.0                     ; 862 MB              ; 00:00:33                           ;
; Assembler                 ; 00:00:03     ; 1.0                     ; 476 MB              ; 00:00:03                           ;
; TimeQuest Timing Analyzer ; 00:00:09     ; 1.0                     ; 596 MB              ; 00:00:09                           ;
; EDA Netlist Writer        ; 00:00:02     ; 1.0                     ; 455 MB              ; 00:00:02                           ;
; EDA Netlist Writer        ; 00:00:01     ; 1.0                     ; 447 MB              ; 00:00:01                           ;
; EDA Netlist Writer        ; 00:00:03     ; 1.0                     ; 463 MB              ; 00:00:02                           ;
; Total                     ; 00:01:02     ; --                      ; --                  ; 00:01:00                           ;
+---------------------------+--------------+-------------------------+---------------------+------------------------------------+


+----------------------------------------------------------------------------------------+
; Flow OS Summary                                                                        ;
+---------------------------+------------------+-----------+------------+----------------+
; Module Name               ; Machine Hostname ; OS Name   ; OS Version ; Processor type ;
+---------------------------+------------------+-----------+------------+----------------+
; Analysis & Synthesis      ; Laptop           ; Windows 7 ; 6.2        ; x86_64         ;
; Fitter                    ; Laptop           ; Windows 7 ; 6.2        ; x86_64         ;
; Assembler                 ; Laptop           ; Windows 7 ; 6.2        ; x86_64         ;
; TimeQuest Timing Analyzer ; Laptop           ; Windows 7 ; 6.2        ; x86_64         ;
; EDA Netlist Writer        ; Laptop           ; Windows 7 ; 6.2        ; x86_64         ;
; EDA Netlist Writer        ; Laptop           ; Windows 7 ; 6.2        ; x86_64         ;
; EDA Netlist Writer        ; Laptop           ; Windows 7 ; 6.2        ; x86_64         ;
+---------------------------+------------------+-----------+------------+----------------+


------------
; Flow Log ;
------------
quartus_map --read_settings_files=on --write_settings_files=off DP4_ECE2504 -c DP4_ECE2504
quartus_fit --read_settings_files=off --write_settings_files=off DP4_ECE2504 -c DP4_ECE2504
quartus_asm --read_settings_files=off --write_settings_files=off DP4_ECE2504 -c DP4_ECE2504
quartus_sta DP4_ECE2504 -c DP4_ECE2504
quartus_eda --read_settings_files=off --write_settings_files=off DP4_ECE2504 -c DP4_ECE2504
quartus_eda --gen_testbench --check_outputs=on --tool=modelsim_oem --format=verilog DP4_ECE2504 -c DP4_ECE2504 --vector_source=C:/altera/13.1/Projects/DP4/DP4_ECE2504_restored/tom2-cpu-start-waveform-longer-5us.vwf --testbench_file=C:/altera/13.1/Projects/DP4/DP4_ECE2504_restored/simulation/qsim/tom2-cpu-start-waveform-longer-5us.vwf.vt
quartus_eda --functional=on --flatten_buses=off --simulation=on --tool=modelsim_oem --format=verilog --output_directory=C:/altera/13.1/Projects/DP4/DP4_ECE2504_restored/simulation/qsim/ DP4_ECE2504 -c DP4_ECE2504



