Flow report for DP3_Spring2015
Tue Apr 28 22:19:58 2015
Quartus II 32-bit Version 13.1.0 Build 162 10/23/2013 SJ Web Edition


---------------------
; Table of Contents ;
---------------------
  1. Legal Notice
  2. Flow Summary
  3. Flow Settings
  4. Flow Non-Default Global Settings
  5. Flow Elapsed Time
  6. Flow OS Summary
  7. Flow Log
  8. Flow Messages
  9. Flow Suppressed Messages



----------------
; Legal Notice ;
----------------
Copyright (C) 1991-2013 Altera Corporation
Your use of Altera Corporation's design tools, logic functions 
and other software and tools, and its AMPP partner logic 
functions, and any output files from any of the foregoing 
(including device programming or simulation files), and any 
associated documentation or information are expressly subject 
to the terms and conditions of the Altera Program License 
Subscription Agreement, Altera MegaCore Function License 
Agreement, or other applicable license agreement, including, 
without limitation, that your use is for the sole purpose of 
programming logic devices manufactured by Altera and sold by 
Altera or its authorized distributors.  Please refer to the 
applicable agreement for further details.



+---------------------------------------------------------------------------------+
; Flow Summary                                                                    ;
+------------------------------------+--------------------------------------------+
; Flow Status                        ; Successful - Tue Apr 28 22:19:58 2015      ;
; Quartus II 32-bit Version          ; 13.1.0 Build 162 10/23/2013 SJ Web Edition ;
; Revision Name                      ; DP3_Spring2015                             ;
; Top-level Entity Name              ; DP3_Spring2015                             ;
; Family                             ; Cyclone IV E                               ;
; Device                             ; EP4CE22F17C6                               ;
; Timing Models                      ; Final                                      ;
; Total logic elements               ; 6,298 / 22,320 ( 28 % )                    ;
;     Total combinational functions  ; 4,258 / 22,320 ( 19 % )                    ;
;     Dedicated logic registers      ; 4,482 / 22,320 ( 20 % )                    ;
; Total registers                    ; 4482                                       ;
; Total pins                         ; 15 / 154 ( 10 % )                          ;
; Total virtual pins                 ; 0                                          ;
; Total memory bits                  ; 0 / 608,256 ( 0 % )                        ;
; Embedded Multiplier 9-bit elements ; 0 / 132 ( 0 % )                            ;
; Total PLLs                         ; 0 / 4 ( 0 % )                              ;
+------------------------------------+--------------------------------------------+


+-----------------------------------------+
; Flow Settings                           ;
+-------------------+---------------------+
; Option            ; Setting             ;
+-------------------+---------------------+
; Start date & time ; 04/28/2015 22:16:54 ;
; Main task         ; Compilation         ;
; Revision Name     ; DP3_Spring2015      ;
+-------------------+---------------------+


+------------------------------------------------------------------------------------------------------------------------------------------------------------------------+
; Flow Non-Default Global Settings                                                                                                                                       ;
+-------------------------------------+-----------------------------------------------------------------------------------+---------------+-------------+----------------+
; Assignment Name                     ; Value                                                                             ; Default Value ; Entity Name ; Section Id     ;
+-------------------------------------+-----------------------------------------------------------------------------------+---------------+-------------+----------------+
; COMPILER_SIGNATURE_ID               ; 102200632310246.143027381404332                                                   ; --            ; --          ; --             ;
; EDA_GENERATE_FUNCTIONAL_NETLIST     ; On                                                                                ; --            ; --          ; eda_simulation ;
; EDA_NETLIST_WRITER_OUTPUT_DIR       ; C:/Users/Bowei/Desktop/ECE2504/DP3/DP3_Spring2015_final_restored/simulation/qsim/ ; --            ; --          ; eda_simulation ;
; EDA_OUTPUT_DATA_FORMAT              ; Verilog Hdl                                                                       ; --            ; --          ; eda_simulation ;
; EDA_SIMULATION_TOOL                 ; ModelSim-Altera (Verilog)                                                         ; <None>        ; --          ; --             ;
; IP_TOOL_NAME                        ; In-System Sources and Probes                                                      ; --            ; --          ; --             ;
; IP_TOOL_VERSION                     ; 12.1                                                                              ; --            ; --          ; --             ;
; MAX_CORE_JUNCTION_TEMP              ; 85                                                                                ; --            ; --          ; --             ;
; MIN_CORE_JUNCTION_TEMP              ; 0                                                                                 ; --            ; --          ; --             ;
; MISC_FILE                           ; dp3_probe_inst.v                                                                  ; --            ; --          ; --             ;
; MISC_FILE                           ; dp3_probe_bb.v                                                                    ; --            ; --          ; --             ;
; PARTITION_COLOR                     ; 16764057                                                                          ; --            ; --          ; Top            ;
; PARTITION_FITTER_PRESERVATION_LEVEL ; PLACEMENT_AND_ROUTING                                                             ; --            ; --          ; Top            ;
; PARTITION_NETLIST_TYPE              ; SOURCE                                                                            ; --            ; --          ; Top            ;
; POWER_BOARD_THERMAL_MODEL           ; None (CONSERVATIVE)                                                               ; --            ; --          ; --             ;
; POWER_PRESET_COOLING_SOLUTION       ; 23 MM HEAT SINK WITH 200 LFPM AIRFLOW                                             ; --            ; --          ; --             ;
+-------------------------------------+-----------------------------------------------------------------------------------+---------------+-------------+----------------+


+-------------------------------------------------------------------------------------------------------------------------------+
; Flow Elapsed Time                                                                                                             ;
+---------------------------+--------------+-------------------------+---------------------+------------------------------------+
; Module Name               ; Elapsed Time ; Average Processors Used ; Peak Virtual Memory ; Total CPU Time (on all processors) ;
+---------------------------+--------------+-------------------------+---------------------+------------------------------------+
; Analysis & Synthesis      ; 00:00:23     ; 1.0                     ; 431 MB              ; 00:00:21                           ;
; Fitter                    ; 00:02:10     ; 1.0                     ; 681 MB              ; 00:01:59                           ;
; Assembler                 ; 00:00:04     ; 1.0                     ; 385 MB              ; 00:00:03                           ;
; TimeQuest Timing Analyzer ; 00:00:11     ; 1.0                     ; 482 MB              ; 00:00:11                           ;
; EDA Netlist Writer        ; 00:00:03     ; 1.0                     ; 358 MB              ; 00:00:03                           ;
; Total                     ; 00:02:51     ; --                      ; --                  ; 00:02:37                           ;
+---------------------------+--------------+-------------------------+---------------------+------------------------------------+


+----------------------------------------------------------------------------------------+
; Flow OS Summary                                                                        ;
+---------------------------+------------------+-----------+------------+----------------+
; Module Name               ; Machine Hostname ; OS Name   ; OS Version ; Processor type ;
+---------------------------+------------------+-----------+------------+----------------+
; Analysis & Synthesis      ; Bowei            ; Windows 7 ; 6.2        ; x86_64         ;
; Fitter                    ; Bowei            ; Windows 7 ; 6.2        ; x86_64         ;
; Assembler                 ; Bowei            ; Windows 7 ; 6.2        ; x86_64         ;
; TimeQuest Timing Analyzer ; Bowei            ; Windows 7 ; 6.2        ; x86_64         ;
; EDA Netlist Writer        ; Bowei            ; Windows 7 ; 6.2        ; x86_64         ;
+---------------------------+------------------+-----------+------------+----------------+


------------
; Flow Log ;
------------
quartus_map --read_settings_files=on --write_settings_files=off DP3_Spring2015 -c DP3_Spring2015
quartus_fit --read_settings_files=off --write_settings_files=off DP3_Spring2015 -c DP3_Spring2015
quartus_asm --read_settings_files=off --write_settings_files=off DP3_Spring2015 -c DP3_Spring2015
quartus_sta DP3_Spring2015 -c DP3_Spring2015
quartus_eda --read_settings_files=off --write_settings_files=off DP3_Spring2015 -c DP3_Spring2015



